Exporter version: 6.4.1, Blender version: 2.83.0
========= Conversion from Blender to Babylon.js =========
	Scene settings used :
		Inline textures     :  false
		Material Type       :  PBR
		Positions Precision :  4
		Normals Precision   :  3
		UVs Precision       :  3
		Vert Color Precision:  3
		Mat Weight Precision:  2
		Keep Z-up r-handed  :  no
		Texture directory   :  D:\Projects\Kenwood\models\
	Python World class constructor completed
	WARNING: No active camera has been assigned, or is not in a currently selected Blender layer
	processing begun of mesh:  Sphere.001
		processing begun of material:  Material
			processing texture skydomeDiff
				texture type:  emissiveTexture, mapped using: "UVMap"
		num positions      :  588
		num normals        :  588
		num tangents       :  0
		num uvs            :  1176
		num uvs2           :  0
		num colors         :  0
		num triangles      :  960
========= Writing of JSON file started =========
	writing mesh:  Sphere.001
========= Writing of JSON file completed =========
========= end of processing =========
elapsed time:  0 min, 0.1985 secs
