Exporter version: 6.4.1, Blender version: 2.83.0
========= Conversion from Blender to Babylon.js =========
	Scene settings used :
		Inline textures     :  false
		Material Type       :  PBR
		Positions Precision :  4
		Normals Precision   :  3
		UVs Precision       :  3
		Vert Color Precision:  3
		Mat Weight Precision:  2
		Keep Z-up r-handed  :  no
		Texture directory   :  D:\Projects\Kenwood\models\press\
	Python World class constructor completed
	WARNING: No active camera has been assigned, or is not in a currently selected Blender layer
	processing begun of skeleton:  Armature, id:  0
		processing begun of bone:  main, index:  0
		processing begun of bone:  arm0, index:  1
		processing begun of bone:  arm1, index:  2
		processing begun of bone:  main.001, index:  3
		processing begun of bone:  main.002, index:  4
		processing begun of bone:  main.003, index:  5
		processing begun of bone:  main.004, index:  6
		processing begun of bone:  main.005, index:  7
		processing begun of bone:  main.006, index:  8
		processing begun of bone:  main.007, index:  9
		processing begun of bone:  main.008, index:  10
		processing action Action:  in[1 - 70], out[0 - 70]
	processing begun of mesh:  Press
		processing begun of material:  Material
		Custom split normals with tangents being used
		num positions      :  33186
		num normals        :  33186
		num tangents       :  132744
		num uvs            :  66372
		num uvs2           :  0
		num colors         :  0
		num triangles      :  36822
		Skeleton stats:  
			Total Influencers:  33500
			Avg # of influencers per vertex:  1.0095
			Highest # of influencers observed:  3, num vertices with this:  14
			exported as 3 influencers
			num skeletonWeights and skeletonIndices:  132744
		WARNING: # of 0 area faces found:  112
========= Writing of JSON file started =========
	writing mesh:  Press
========= Writing of JSON file completed =========
========= end of processing =========
elapsed time:  0 min, 7.862 secs
